2022-09-14 11:51:46,535 - mmdet - INFO - Environment info:
------------------------------------------------------------
sys.platform: linux
Python: 3.7.7 (default, May  7 2020, 21:25:33) [GCC 7.3.0]
CUDA available: True
GPU 0,1,2,3: GeForce RTX 3090
CUDA_HOME: /usr/local/cuda
NVCC: Cuda compilation tools, release 11.0, V11.0.194
GCC: gcc (Ubuntu 7.5.0-3ubuntu1~18.04) 7.5.0
PyTorch: 1.7.0+cu110
PyTorch compiling details: PyTorch built with:
  - GCC 7.3
  - C++ Version: 201402
  - Intel(R) Math Kernel Library Version 2020.0.0 Product Build 20191122 for Intel(R) 64 architecture applications
  - Intel(R) MKL-DNN v1.6.0 (Git Hash 5ef631a030a6f73131c77892041042805a06064f)
  - OpenMP 201511 (a.k.a. OpenMP 4.5)
  - NNPACK is enabled
  - CPU capability usage: AVX2
  - CUDA Runtime 11.0
  - NVCC architecture flags: -gencode;arch=compute_37,code=sm_37;-gencode;arch=compute_50,code=sm_50;-gencode;arch=compute_60,code=sm_60;-gencode;arch=compute_70,code=sm_70;-gencode;arch=compute_75,code=sm_75;-gencode;arch=compute_80,code=sm_80
  - CuDNN 8.0.4
  - Magma 2.5.2
  - Build settings: BLAS=MKL, BUILD_TYPE=Release, CXX_FLAGS= -Wno-deprecated -fvisibility-inlines-hidden -DUSE_PTHREADPOOL -fopenmp -DNDEBUG -DUSE_FBGEMM -DUSE_QNNPACK -DUSE_PYTORCH_QNNPACK -DUSE_XNNPACK -DUSE_VULKAN_WRAPPER -O2 -fPIC -Wno-narrowing -Wall -Wextra -Werror=return-type -Wno-missing-field-initializers -Wno-type-limits -Wno-array-bounds -Wno-unknown-pragmas -Wno-sign-compare -Wno-unused-parameter -Wno-unused-variable -Wno-unused-function -Wno-unused-result -Wno-unused-local-typedefs -Wno-strict-overflow -Wno-strict-aliasing -Wno-error=deprecated-declarations -Wno-stringop-overflow -Wno-psabi -Wno-error=pedantic -Wno-error=redundant-decls -Wno-error=old-style-cast -fdiagnostics-color=always -faligned-new -Wno-unused-but-set-variable -Wno-maybe-uninitialized -fno-math-errno -fno-trapping-math -Werror=format -Wno-stringop-overflow, PERF_WITH_AVX=1, PERF_WITH_AVX2=1, PERF_WITH_AVX512=1, USE_CUDA=ON, USE_EXCEPTION_PTR=1, USE_GFLAGS=OFF, USE_GLOG=OFF, USE_MKL=ON, USE_MKLDNN=ON, USE_MPI=OFF, USE_NCCL=ON, USE_NNPACK=ON, USE_OPENMP=ON, 

TorchVision: 0.8.1+cu110
OpenCV: 4.6.0
MMCV: 1.6.1
MMCV Compiler: GCC 7.3
MMCV CUDA Compiler: 11.0
MMDetection: 2.25.1+df28da9
------------------------------------------------------------

2022-09-14 11:51:46,882 - mmdet - INFO - Distributed training: True
2022-09-14 11:51:47,115 - mmdet - INFO - Config:
dataset_type = 'CocoDataset'
data_root = '/home/hhn/mmdetection/20220830'
img_norm_cfg = dict(
    mean=[102.9801, 115.9465, 122.7717], std=[1.0, 1.0, 1.0], to_rgb=False)
train_pipeline = [
    dict(type='LoadImageFromFile'),
    dict(type='LoadAnnotations', with_bbox=True),
    dict(type='Resize', img_scale=(1500, 1000), keep_ratio=True),
    dict(type='RandomFlip', flip_ratio=0.5),
    dict(
        type='Normalize',
        mean=[102.9801, 115.9465, 122.7717],
        std=[1.0, 1.0, 1.0],
        to_rgb=False),
    dict(type='Pad', size_divisor=32),
    dict(type='DefaultFormatBundle'),
    dict(type='Collect', keys=['img', 'gt_bboxes', 'gt_labels'])
]
test_pipeline = [
    dict(type='LoadImageFromFile'),
    dict(
        type='MultiScaleFlipAug',
        img_scale=(1500, 1000),
        flip=False,
        transforms=[
            dict(type='Resize', keep_ratio=True),
            dict(type='RandomFlip'),
            dict(
                type='Normalize',
                mean=[102.9801, 115.9465, 122.7717],
                std=[1.0, 1.0, 1.0],
                to_rgb=False),
            dict(type='Pad', size_divisor=32),
            dict(type='ImageToTensor', keys=['img']),
            dict(type='Collect', keys=['img'])
        ])
]
data = dict(
    samples_per_gpu=4,
    workers_per_gpu=2,
    train=dict(
        type='CocoDataset',
        ann_file='/home/hhn/mmdetection/20220830/annotations_lb201/train2.json',
        img_prefix='/home/hhn/mmdetection/20220830/lb201/',
        pipeline=[
            dict(type='LoadImageFromFile'),
            dict(type='LoadAnnotations', with_bbox=True),
            dict(type='Resize', img_scale=(1500, 1000), keep_ratio=True),
            dict(type='RandomFlip', flip_ratio=0.5),
            dict(
                type='Normalize',
                mean=[102.9801, 115.9465, 122.7717],
                std=[1.0, 1.0, 1.0],
                to_rgb=False),
            dict(type='Pad', size_divisor=32),
            dict(type='DefaultFormatBundle'),
            dict(type='Collect', keys=['img', 'gt_bboxes', 'gt_labels'])
        ]),
    val=dict(
        type='CocoDataset',
        ann_file='/home/hhn/mmdetection/20220830/annotations_lb201/val2.json',
        img_prefix='/home/hhn/mmdetection/20220830/lb201/',
        pipeline=[
            dict(type='LoadImageFromFile'),
            dict(
                type='MultiScaleFlipAug',
                img_scale=(1500, 1000),
                flip=False,
                transforms=[
                    dict(type='Resize', keep_ratio=True),
                    dict(type='RandomFlip'),
                    dict(
                        type='Normalize',
                        mean=[102.9801, 115.9465, 122.7717],
                        std=[1.0, 1.0, 1.0],
                        to_rgb=False),
                    dict(type='Pad', size_divisor=32),
                    dict(type='ImageToTensor', keys=['img']),
                    dict(type='Collect', keys=['img'])
                ])
        ]),
    test=dict(
        type='CocoDataset',
        ann_file='/home/hhn/mmdetection/20220830/annotations_lb201/val2.json',
        img_prefix='/home/hhn/mmdetection/20220830/lb201/',
        pipeline=[
            dict(type='LoadImageFromFile'),
            dict(
                type='MultiScaleFlipAug',
                img_scale=(1500, 1000),
                flip=False,
                transforms=[
                    dict(type='Resize', keep_ratio=True),
                    dict(type='RandomFlip'),
                    dict(
                        type='Normalize',
                        mean=[102.9801, 115.9465, 122.7717],
                        std=[1.0, 1.0, 1.0],
                        to_rgb=False),
                    dict(type='Pad', size_divisor=32),
                    dict(type='ImageToTensor', keys=['img']),
                    dict(type='Collect', keys=['img'])
                ])
        ]))
evaluation = dict(interval=1, metric='bbox')
optimizer = dict(
    type='SGD',
    lr=0.01,
    momentum=0.9,
    weight_decay=0.0001,
    paramwise_cfg=dict(bias_lr_mult=2.0, bias_decay_mult=0.0))
optimizer_config = dict(grad_clip=dict(max_norm=35, norm_type=2))
lr_config = dict(
    policy='step',
    warmup='constant',
    warmup_iters=500,
    warmup_ratio=0.3333333333333333,
    step=[8, 11])
runner = dict(type='EpochBasedRunner', max_epochs=12)
checkpoint_config = dict(interval=1)
log_config = dict(interval=50, hooks=[dict(type='TextLoggerHook')])
custom_hooks = [dict(type='NumClassCheckHook')]
dist_params = dict(backend='nccl')
log_level = 'INFO'
load_from = '/home/hhn/mmdetection/pretrained/fcos_r50_caffe_fpn_gn-head_1x_coco-821213aa.pth'
resume_from = None
workflow = [('train', 1)]
opencv_num_threads = 0
mp_start_method = 'fork'
auto_scale_lr = dict(enable=False, base_batch_size=8)
model = dict(
    type='FCOS',
    backbone=dict(
        type='ResNet',
        depth=50,
        num_stages=4,
        out_indices=(0, 1, 2, 3),
        frozen_stages=1,
        norm_cfg=dict(type='BN', requires_grad=False),
        norm_eval=True,
        style='caffe',
        init_cfg=None),
    neck=dict(
        type='FPN',
        in_channels=[256, 512, 1024, 2048],
        out_channels=256,
        start_level=1,
        add_extra_convs='on_output',
        num_outs=5,
        relu_before_extra_convs=True),
    bbox_head=dict(
        type='FCOSHead',
        num_classes=8,
        in_channels=256,
        stacked_convs=4,
        feat_channels=256,
        strides=[8, 16, 32, 64, 128],
        loss_cls=dict(
            type='FocalLoss',
            use_sigmoid=True,
            gamma=2.0,
            alpha=0.25,
            loss_weight=1.0),
        loss_bbox=dict(type='IoULoss', loss_weight=1.0),
        loss_centerness=dict(
            type='CrossEntropyLoss', use_sigmoid=True, loss_weight=1.0)),
    train_cfg=dict(
        assigner=dict(
            type='MaxIoUAssigner',
            pos_iou_thr=0.5,
            neg_iou_thr=0.4,
            min_pos_iou=0,
            ignore_iof_thr=-1),
        allowed_border=-1,
        pos_weight=-1,
        debug=False),
    test_cfg=dict(
        nms_pre=1000,
        min_bbox_size=0,
        score_thr=0.05,
        nms=dict(type='nms', iou_threshold=0.5),
        max_per_img=100))
work_dir = './work_dirs/fcos_r50_caffe_fpn_gn-head_1x_coco'
auto_resume = False
gpu_ids = range(0, 4)

2022-09-14 11:51:47,116 - mmdet - INFO - Set random seed to 0, deterministic: False
2022-09-14 11:51:47,515 - mmdet - INFO - initialize ResNet with init_cfg [{'type': 'Kaiming', 'layer': 'Conv2d'}, {'type': 'Constant', 'val': 1, 'layer': ['_BatchNorm', 'GroupNorm']}]
2022-09-14 11:51:47,770 - mmdet - INFO - initialize Bottleneck with init_cfg {'type': 'Constant', 'val': 0, 'override': {'name': 'norm3'}}
2022-09-14 11:51:47,772 - mmdet - INFO - initialize Bottleneck with init_cfg {'type': 'Constant', 'val': 0, 'override': {'name': 'norm3'}}
2022-09-14 11:51:47,773 - mmdet - INFO - initialize Bottleneck with init_cfg {'type': 'Constant', 'val': 0, 'override': {'name': 'norm3'}}
2022-09-14 11:51:47,775 - mmdet - INFO - initialize Bottleneck with init_cfg {'type': 'Constant', 'val': 0, 'override': {'name': 'norm3'}}
2022-09-14 11:51:47,776 - mmdet - INFO - initialize Bottleneck with init_cfg {'type': 'Constant', 'val': 0, 'override': {'name': 'norm3'}}
2022-09-14 11:51:47,777 - mmdet - INFO - initialize Bottleneck with init_cfg {'type': 'Constant', 'val': 0, 'override': {'name': 'norm3'}}
2022-09-14 11:51:47,778 - mmdet - INFO - initialize Bottleneck with init_cfg {'type': 'Constant', 'val': 0, 'override': {'name': 'norm3'}}
2022-09-14 11:51:47,781 - mmdet - INFO - initialize Bottleneck with init_cfg {'type': 'Constant', 'val': 0, 'override': {'name': 'norm3'}}
2022-09-14 11:51:47,783 - mmdet - INFO - initialize Bottleneck with init_cfg {'type': 'Constant', 'val': 0, 'override': {'name': 'norm3'}}
2022-09-14 11:51:47,785 - mmdet - INFO - initialize Bottleneck with init_cfg {'type': 'Constant', 'val': 0, 'override': {'name': 'norm3'}}
2022-09-14 11:51:47,786 - mmdet - INFO - initialize Bottleneck with init_cfg {'type': 'Constant', 'val': 0, 'override': {'name': 'norm3'}}
2022-09-14 11:51:47,788 - mmdet - INFO - initialize Bottleneck with init_cfg {'type': 'Constant', 'val': 0, 'override': {'name': 'norm3'}}
2022-09-14 11:51:47,790 - mmdet - INFO - initialize Bottleneck with init_cfg {'type': 'Constant', 'val': 0, 'override': {'name': 'norm3'}}
2022-09-14 11:51:47,797 - mmdet - INFO - initialize Bottleneck with init_cfg {'type': 'Constant', 'val': 0, 'override': {'name': 'norm3'}}
2022-09-14 11:51:47,805 - mmdet - INFO - initialize Bottleneck with init_cfg {'type': 'Constant', 'val': 0, 'override': {'name': 'norm3'}}
2022-09-14 11:51:47,810 - mmdet - INFO - initialize Bottleneck with init_cfg {'type': 'Constant', 'val': 0, 'override': {'name': 'norm3'}}
2022-09-14 11:51:47,838 - mmdet - INFO - initialize FPN with init_cfg {'type': 'Xavier', 'layer': 'Conv2d', 'distribution': 'uniform'}
2022-09-14 11:51:47,884 - mmdet - INFO - initialize FCOSHead with init_cfg {'type': 'Normal', 'layer': 'Conv2d', 'std': 0.01, 'override': {'type': 'Normal', 'name': 'conv_cls', 'std': 0.01, 'bias_prob': 0.01}}
Name of parameter - Initialization information

backbone.conv1.weight - torch.Size([64, 3, 7, 7]): 
KaimingInit: a=0, mode=fan_out, nonlinearity=relu, distribution =normal, bias=0 

backbone.bn1.weight - torch.Size([64]): 
The value is the same before and after calling `init_weights` of FCOS  

backbone.bn1.bias - torch.Size([64]): 
The value is the same before and after calling `init_weights` of FCOS  

backbone.layer1.0.conv1.weight - torch.Size([64, 64, 1, 1]): 
KaimingInit: a=0, mode=fan_out, nonlinearity=relu, distribution =normal, bias=0 

backbone.layer1.0.bn1.weight - torch.Size([64]): 
The value is the same before and after calling `init_weights` of FCOS  

backbone.layer1.0.bn1.bias - torch.Size([64]): 
The value is the same before and after calling `init_weights` of FCOS  

backbone.layer1.0.conv2.weight - torch.Size([64, 64, 3, 3]): 
KaimingInit: a=0, mode=fan_out, nonlinearity=relu, distribution =normal, bias=0 

backbone.layer1.0.bn2.weight - torch.Size([64]): 
The value is the same before and after calling `init_weights` of FCOS  

backbone.layer1.0.bn2.bias - torch.Size([64]): 
The value is the same before and after calling `init_weights` of FCOS  

backbone.layer1.0.conv3.weight - torch.Size([256, 64, 1, 1]): 
KaimingInit: a=0, mode=fan_out, nonlinearity=relu, distribution =normal, bias=0 

backbone.layer1.0.bn3.weight - torch.Size([256]): 
ConstantInit: val=0, bias=0 

backbone.layer1.0.bn3.bias - torch.Size([256]): 
The value is the same before and after calling `init_weights` of FCOS  

backbone.layer1.0.downsample.0.weight - torch.Size([256, 64, 1, 1]): 
KaimingInit: a=0, mode=fan_out, nonlinearity=relu, distribution =normal, bias=0 

backbone.layer1.0.downsample.1.weight - torch.Size([256]): 
The value is the same before and after calling `init_weights` of FCOS  

backbone.layer1.0.downsample.1.bias - torch.Size([256]): 
The value is the same before and after calling `init_weights` of FCOS  

backbone.layer1.1.conv1.weight - torch.Size([64, 256, 1, 1]): 
KaimingInit: a=0, mode=fan_out, nonlinearity=relu, distribution =normal, bias=0 

backbone.layer1.1.bn1.weight - torch.Size([64]): 
The value is the same before and after calling `init_weights` of FCOS  

backbone.layer1.1.bn1.bias - torch.Size([64]): 
The value is the same before and after calling `init_weights` of FCOS  

backbone.layer1.1.conv2.weight - torch.Size([64, 64, 3, 3]): 
KaimingInit: a=0, mode=fan_out, nonlinearity=relu, distribution =normal, bias=0 

backbone.layer1.1.bn2.weight - torch.Size([64]): 
The value is the same before and after calling `init_weights` of FCOS  

backbone.layer1.1.bn2.bias - torch.Size([64]): 
The value is the same before and after calling `init_weights` of FCOS  

backbone.layer1.1.conv3.weight - torch.Size([256, 64, 1, 1]): 
KaimingInit: a=0, mode=fan_out, nonlinearity=relu, distribution =normal, bias=0 

backbone.layer1.1.bn3.weight - torch.Size([256]): 
ConstantInit: val=0, bias=0 

backbone.layer1.1.bn3.bias - torch.Size([256]): 
The value is the same before and after calling `init_weights` of FCOS  

backbone.layer1.2.conv1.weight - torch.Size([64, 256, 1, 1]): 
KaimingInit: a=0, mode=fan_out, nonlinearity=relu, distribution =normal, bias=0 

backbone.layer1.2.bn1.weight - torch.Size([64]): 
The value is the same before and after calling `init_weights` of FCOS  

backbone.layer1.2.bn1.bias - torch.Size([64]): 
The value is the same before and after calling `init_weights` of FCOS  

backbone.layer1.2.conv2.weight - torch.Size([64, 64, 3, 3]): 
KaimingInit: a=0, mode=fan_out, nonlinearity=relu, distribution =normal, bias=0 

backbone.layer1.2.bn2.weight - torch.Size([64]): 
The value is the same before and after calling `init_weights` of FCOS  

backbone.layer1.2.bn2.bias - torch.Size([64]): 
The value is the same before and after calling `init_weights` of FCOS  

backbone.layer1.2.conv3.weight - torch.Size([256, 64, 1, 1]): 
KaimingInit: a=0, mode=fan_out, nonlinearity=relu, distribution =normal, bias=0 

backbone.layer1.2.bn3.weight - torch.Size([256]): 
ConstantInit: val=0, bias=0 

backbone.layer1.2.bn3.bias - torch.Size([256]): 
The value is the same before and after calling `init_weights` of FCOS  

backbone.layer2.0.conv1.weight - torch.Size([128, 256, 1, 1]): 
KaimingInit: a=0, mode=fan_out, nonlinearity=relu, distribution =normal, bias=0 

backbone.layer2.0.bn1.weight - torch.Size([128]): 
The value is the same before and after calling `init_weights` of FCOS  

backbone.layer2.0.bn1.bias - torch.Size([128]): 
The value is the same before and after calling `init_weights` of FCOS  

backbone.layer2.0.conv2.weight - torch.Size([128, 128, 3, 3]): 
KaimingInit: a=0, mode=fan_out, nonlinearity=relu, distribution =normal, bias=0 

backbone.layer2.0.bn2.weight - torch.Size([128]): 
The value is the same before and after calling `init_weights` of FCOS  

backbone.layer2.0.bn2.bias - torch.Size([128]): 
The value is the same before and after calling `init_weights` of FCOS  

backbone.layer2.0.conv3.weight - torch.Size([512, 128, 1, 1]): 
KaimingInit: a=0, mode=fan_out, nonlinearity=relu, distribution =normal, bias=0 

backbone.layer2.0.bn3.weight - torch.Size([512]): 
ConstantInit: val=0, bias=0 

backbone.layer2.0.bn3.bias - torch.Size([512]): 
The value is the same before and after calling `init_weights` of FCOS  

backbone.layer2.0.downsample.0.weight - torch.Size([512, 256, 1, 1]): 
KaimingInit: a=0, mode=fan_out, nonlinearity=relu, distribution =normal, bias=0 

backbone.layer2.0.downsample.1.weight - torch.Size([512]): 
The value is the same before and after calling `init_weights` of FCOS  

backbone.layer2.0.downsample.1.bias - torch.Size([512]): 
The value is the same before and after calling `init_weights` of FCOS  

backbone.layer2.1.conv1.weight - torch.Size([128, 512, 1, 1]): 
KaimingInit: a=0, mode=fan_out, nonlinearity=relu, distribution =normal, bias=0 

backbone.layer2.1.bn1.weight - torch.Size([128]): 
The value is the same before and after calling `init_weights` of FCOS  

backbone.layer2.1.bn1.bias - torch.Size([128]): 
The value is the same before and after calling `init_weights` of FCOS  

backbone.layer2.1.conv2.weight - torch.Size([128, 128, 3, 3]): 
KaimingInit: a=0, mode=fan_out, nonlinearity=relu, distribution =normal, bias=0 

backbone.layer2.1.bn2.weight - torch.Size([128]): 
The value is the same before and after calling `init_weights` of FCOS  

backbone.layer2.1.bn2.bias - torch.Size([128]): 
The value is the same before and after calling `init_weights` of FCOS  

backbone.layer2.1.conv3.weight - torch.Size([512, 128, 1, 1]): 
KaimingInit: a=0, mode=fan_out, nonlinearity=relu, distribution =normal, bias=0 

backbone.layer2.1.bn3.weight - torch.Size([512]): 
ConstantInit: val=0, bias=0 

backbone.layer2.1.bn3.bias - torch.Size([512]): 
The value is the same before and after calling `init_weights` of FCOS  

backbone.layer2.2.conv1.weight - torch.Size([128, 512, 1, 1]): 
KaimingInit: a=0, mode=fan_out, nonlinearity=relu, distribution =normal, bias=0 

backbone.layer2.2.bn1.weight - torch.Size([128]): 
The value is the same before and after calling `init_weights` of FCOS  

backbone.layer2.2.bn1.bias - torch.Size([128]): 
The value is the same before and after calling `init_weights` of FCOS  

backbone.layer2.2.conv2.weight - torch.Size([128, 128, 3, 3]): 
KaimingInit: a=0, mode=fan_out, nonlinearity=relu, distribution =normal, bias=0 

backbone.layer2.2.bn2.weight - torch.Size([128]): 
The value is the same before and after calling `init_weights` of FCOS  

backbone.layer2.2.bn2.bias - torch.Size([128]): 
The value is the same before and after calling `init_weights` of FCOS  

backbone.layer2.2.conv3.weight - torch.Size([512, 128, 1, 1]): 
KaimingInit: a=0, mode=fan_out, nonlinearity=relu, distribution =normal, bias=0 

backbone.layer2.2.bn3.weight - torch.Size([512]): 
ConstantInit: val=0, bias=0 

backbone.layer2.2.bn3.bias - torch.Size([512]): 
The value is the same before and after calling `init_weights` of FCOS  

backbone.layer2.3.conv1.weight - torch.Size([128, 512, 1, 1]): 
KaimingInit: a=0, mode=fan_out, nonlinearity=relu, distribution =normal, bias=0 

backbone.layer2.3.bn1.weight - torch.Size([128]): 
The value is the same before and after calling `init_weights` of FCOS  

backbone.layer2.3.bn1.bias - torch.Size([128]): 
The value is the same before and after calling `init_weights` of FCOS  

backbone.layer2.3.conv2.weight - torch.Size([128, 128, 3, 3]): 
KaimingInit: a=0, mode=fan_out, nonlinearity=relu, distribution =normal, bias=0 

backbone.layer2.3.bn2.weight - torch.Size([128]): 
The value is the same before and after calling `init_weights` of FCOS  

backbone.layer2.3.bn2.bias - torch.Size([128]): 
The value is the same before and after calling `init_weights` of FCOS  

backbone.layer2.3.conv3.weight - torch.Size([512, 128, 1, 1]): 
KaimingInit: a=0, mode=fan_out, nonlinearity=relu, distribution =normal, bias=0 

backbone.layer2.3.bn3.weight - torch.Size([512]): 
ConstantInit: val=0, bias=0 

backbone.layer2.3.bn3.bias - torch.Size([512]): 
The value is the same before and after calling `init_weights` of FCOS  

backbone.layer3.0.conv1.weight - torch.Size([256, 512, 1, 1]): 
KaimingInit: a=0, mode=fan_out, nonlinearity=relu, distribution =normal, bias=0 

backbone.layer3.0.bn1.weight - torch.Size([256]): 
The value is the same before and after calling `init_weights` of FCOS  

backbone.layer3.0.bn1.bias - torch.Size([256]): 
The value is the same before and after calling `init_weights` of FCOS  

backbone.layer3.0.conv2.weight - torch.Size([256, 256, 3, 3]): 
KaimingInit: a=0, mode=fan_out, nonlinearity=relu, distribution =normal, bias=0 

backbone.layer3.0.bn2.weight - torch.Size([256]): 
The value is the same before and after calling `init_weights` of FCOS  

backbone.layer3.0.bn2.bias - torch.Size([256]): 
The value is the same before and after calling `init_weights` of FCOS  

backbone.layer3.0.conv3.weight - torch.Size([1024, 256, 1, 1]): 
KaimingInit: a=0, mode=fan_out, nonlinearity=relu, distribution =normal, bias=0 

backbone.layer3.0.bn3.weight - torch.Size([1024]): 
ConstantInit: val=0, bias=0 

backbone.layer3.0.bn3.bias - torch.Size([1024]): 
The value is the same before and after calling `init_weights` of FCOS  

backbone.layer3.0.downsample.0.weight - torch.Size([1024, 512, 1, 1]): 
KaimingInit: a=0, mode=fan_out, nonlinearity=relu, distribution =normal, bias=0 

backbone.layer3.0.downsample.1.weight - torch.Size([1024]): 
The value is the same before and after calling `init_weights` of FCOS  

backbone.layer3.0.downsample.1.bias - torch.Size([1024]): 
The value is the same before and after calling `init_weights` of FCOS  

backbone.layer3.1.conv1.weight - torch.Size([256, 1024, 1, 1]): 
KaimingInit: a=0, mode=fan_out, nonlinearity=relu, distribution =normal, bias=0 

backbone.layer3.1.bn1.weight - torch.Size([256]): 
The value is the same before and after calling `init_weights` of FCOS  

backbone.layer3.1.bn1.bias - torch.Size([256]): 
The value is the same before and after calling `init_weights` of FCOS  

backbone.layer3.1.conv2.weight - torch.Size([256, 256, 3, 3]): 
KaimingInit: a=0, mode=fan_out, nonlinearity=relu, distribution =normal, bias=0 

backbone.layer3.1.bn2.weight - torch.Size([256]): 
The value is the same before and after calling `init_weights` of FCOS  

backbone.layer3.1.bn2.bias - torch.Size([256]): 
The value is the same before and after calling `init_weights` of FCOS  

backbone.layer3.1.conv3.weight - torch.Size([1024, 256, 1, 1]): 
KaimingInit: a=0, mode=fan_out, nonlinearity=relu, distribution =normal, bias=0 

backbone.layer3.1.bn3.weight - torch.Size([1024]): 
ConstantInit: val=0, bias=0 

backbone.layer3.1.bn3.bias - torch.Size([1024]): 
The value is the same before and after calling `init_weights` of FCOS  

backbone.layer3.2.conv1.weight - torch.Size([256, 1024, 1, 1]): 
KaimingInit: a=0, mode=fan_out, nonlinearity=relu, distribution =normal, bias=0 

backbone.layer3.2.bn1.weight - torch.Size([256]): 
The value is the same before and after calling `init_weights` of FCOS  

backbone.layer3.2.bn1.bias - torch.Size([256]): 
The value is the same before and after calling `init_weights` of FCOS  

backbone.layer3.2.conv2.weight - torch.Size([256, 256, 3, 3]): 
KaimingInit: a=0, mode=fan_out, nonlinearity=relu, distribution =normal, bias=0 

backbone.layer3.2.bn2.weight - torch.Size([256]): 
The value is the same before and after calling `init_weights` of FCOS  

backbone.layer3.2.bn2.bias - torch.Size([256]): 
The value is the same before and after calling `init_weights` of FCOS  

backbone.layer3.2.conv3.weight - torch.Size([1024, 256, 1, 1]): 
KaimingInit: a=0, mode=fan_out, nonlinearity=relu, distribution =normal, bias=0 

backbone.layer3.2.bn3.weight - torch.Size([1024]): 
ConstantInit: val=0, bias=0 

backbone.layer3.2.bn3.bias - torch.Size([1024]): 
The value is the same before and after calling `init_weights` of FCOS  

backbone.layer3.3.conv1.weight - torch.Size([256, 1024, 1, 1]): 
KaimingInit: a=0, mode=fan_out, nonlinearity=relu, distribution =normal, bias=0 

backbone.layer3.3.bn1.weight - torch.Size([256]): 
The value is the same before and after calling `init_weights` of FCOS  

backbone.layer3.3.bn1.bias - torch.Size([256]): 
The value is the same before and after calling `init_weights` of FCOS  

backbone.layer3.3.conv2.weight - torch.Size([256, 256, 3, 3]): 
KaimingInit: a=0, mode=fan_out, nonlinearity=relu, distribution =normal, bias=0 

backbone.layer3.3.bn2.weight - torch.Size([256]): 
The value is the same before and after calling `init_weights` of FCOS  

backbone.layer3.3.bn2.bias - torch.Size([256]): 
The value is the same before and after calling `init_weights` of FCOS  

backbone.layer3.3.conv3.weight - torch.Size([1024, 256, 1, 1]): 
KaimingInit: a=0, mode=fan_out, nonlinearity=relu, distribution =normal, bias=0 

backbone.layer3.3.bn3.weight - torch.Size([1024]): 
ConstantInit: val=0, bias=0 

backbone.layer3.3.bn3.bias - torch.Size([1024]): 
The value is the same before and after calling `init_weights` of FCOS  

backbone.layer3.4.conv1.weight - torch.Size([256, 1024, 1, 1]): 
KaimingInit: a=0, mode=fan_out, nonlinearity=relu, distribution =normal, bias=0 

backbone.layer3.4.bn1.weight - torch.Size([256]): 
The value is the same before and after calling `init_weights` of FCOS  

backbone.layer3.4.bn1.bias - torch.Size([256]): 
The value is the same before and after calling `init_weights` of FCOS  

backbone.layer3.4.conv2.weight - torch.Size([256, 256, 3, 3]): 
KaimingInit: a=0, mode=fan_out, nonlinearity=relu, distribution =normal, bias=0 

backbone.layer3.4.bn2.weight - torch.Size([256]): 
The value is the same before and after calling `init_weights` of FCOS  

backbone.layer3.4.bn2.bias - torch.Size([256]): 
The value is the same before and after calling `init_weights` of FCOS  

backbone.layer3.4.conv3.weight - torch.Size([1024, 256, 1, 1]): 
KaimingInit: a=0, mode=fan_out, nonlinearity=relu, distribution =normal, bias=0 

backbone.layer3.4.bn3.weight - torch.Size([1024]): 
ConstantInit: val=0, bias=0 

backbone.layer3.4.bn3.bias - torch.Size([1024]): 
The value is the same before and after calling `init_weights` of FCOS  

backbone.layer3.5.conv1.weight - torch.Size([256, 1024, 1, 1]): 
KaimingInit: a=0, mode=fan_out, nonlinearity=relu, distribution =normal, bias=0 

backbone.layer3.5.bn1.weight - torch.Size([256]): 
The value is the same before and after calling `init_weights` of FCOS  

backbone.layer3.5.bn1.bias - torch.Size([256]): 
The value is the same before and after calling `init_weights` of FCOS  

backbone.layer3.5.conv2.weight - torch.Size([256, 256, 3, 3]): 
KaimingInit: a=0, mode=fan_out, nonlinearity=relu, distribution =normal, bias=0 

backbone.layer3.5.bn2.weight - torch.Size([256]): 
The value is the same before and after calling `init_weights` of FCOS  

backbone.layer3.5.bn2.bias - torch.Size([256]): 
The value is the same before and after calling `init_weights` of FCOS  

backbone.layer3.5.conv3.weight - torch.Size([1024, 256, 1, 1]): 
KaimingInit: a=0, mode=fan_out, nonlinearity=relu, distribution =normal, bias=0 

backbone.layer3.5.bn3.weight - torch.Size([1024]): 
ConstantInit: val=0, bias=0 

backbone.layer3.5.bn3.bias - torch.Size([1024]): 
The value is the same before and after calling `init_weights` of FCOS  

backbone.layer4.0.conv1.weight - torch.Size([512, 1024, 1, 1]): 
KaimingInit: a=0, mode=fan_out, nonlinearity=relu, distribution =normal, bias=0 

backbone.layer4.0.bn1.weight - torch.Size([512]): 
The value is the same before and after calling `init_weights` of FCOS  

backbone.layer4.0.bn1.bias - torch.Size([512]): 
The value is the same before and after calling `init_weights` of FCOS  

backbone.layer4.0.conv2.weight - torch.Size([512, 512, 3, 3]): 
KaimingInit: a=0, mode=fan_out, nonlinearity=relu, distribution =normal, bias=0 

backbone.layer4.0.bn2.weight - torch.Size([512]): 
The value is the same before and after calling `init_weights` of FCOS  

backbone.layer4.0.bn2.bias - torch.Size([512]): 
The value is the same before and after calling `init_weights` of FCOS  

backbone.layer4.0.conv3.weight - torch.Size([2048, 512, 1, 1]): 
KaimingInit: a=0, mode=fan_out, nonlinearity=relu, distribution =normal, bias=0 

backbone.layer4.0.bn3.weight - torch.Size([2048]): 
ConstantInit: val=0, bias=0 

backbone.layer4.0.bn3.bias - torch.Size([2048]): 
The value is the same before and after calling `init_weights` of FCOS  

backbone.layer4.0.downsample.0.weight - torch.Size([2048, 1024, 1, 1]): 
KaimingInit: a=0, mode=fan_out, nonlinearity=relu, distribution =normal, bias=0 

backbone.layer4.0.downsample.1.weight - torch.Size([2048]): 
The value is the same before and after calling `init_weights` of FCOS  

backbone.layer4.0.downsample.1.bias - torch.Size([2048]): 
The value is the same before and after calling `init_weights` of FCOS  

backbone.layer4.1.conv1.weight - torch.Size([512, 2048, 1, 1]): 
KaimingInit: a=0, mode=fan_out, nonlinearity=relu, distribution =normal, bias=0 

backbone.layer4.1.bn1.weight - torch.Size([512]): 
The value is the same before and after calling `init_weights` of FCOS  

backbone.layer4.1.bn1.bias - torch.Size([512]): 
The value is the same before and after calling `init_weights` of FCOS  

backbone.layer4.1.conv2.weight - torch.Size([512, 512, 3, 3]): 
KaimingInit: a=0, mode=fan_out, nonlinearity=relu, distribution =normal, bias=0 

backbone.layer4.1.bn2.weight - torch.Size([512]): 
The value is the same before and after calling `init_weights` of FCOS  

backbone.layer4.1.bn2.bias - torch.Size([512]): 
The value is the same before and after calling `init_weights` of FCOS  

backbone.layer4.1.conv3.weight - torch.Size([2048, 512, 1, 1]): 
KaimingInit: a=0, mode=fan_out, nonlinearity=relu, distribution =normal, bias=0 

backbone.layer4.1.bn3.weight - torch.Size([2048]): 
ConstantInit: val=0, bias=0 

backbone.layer4.1.bn3.bias - torch.Size([2048]): 
The value is the same before and after calling `init_weights` of FCOS  

backbone.layer4.2.conv1.weight - torch.Size([512, 2048, 1, 1]): 
KaimingInit: a=0, mode=fan_out, nonlinearity=relu, distribution =normal, bias=0 

backbone.layer4.2.bn1.weight - torch.Size([512]): 
The value is the same before and after calling `init_weights` of FCOS  

backbone.layer4.2.bn1.bias - torch.Size([512]): 
The value is the same before and after calling `init_weights` of FCOS  

backbone.layer4.2.conv2.weight - torch.Size([512, 512, 3, 3]): 
KaimingInit: a=0, mode=fan_out, nonlinearity=relu, distribution =normal, bias=0 

backbone.layer4.2.bn2.weight - torch.Size([512]): 
The value is the same before and after calling `init_weights` of FCOS  

backbone.layer4.2.bn2.bias - torch.Size([512]): 
The value is the same before and after calling `init_weights` of FCOS  

backbone.layer4.2.conv3.weight - torch.Size([2048, 512, 1, 1]): 
KaimingInit: a=0, mode=fan_out, nonlinearity=relu, distribution =normal, bias=0 

backbone.layer4.2.bn3.weight - torch.Size([2048]): 
ConstantInit: val=0, bias=0 

backbone.layer4.2.bn3.bias - torch.Size([2048]): 
The value is the same before and after calling `init_weights` of FCOS  

neck.lateral_convs.0.conv.weight - torch.Size([256, 512, 1, 1]): 
XavierInit: gain=1, distribution=uniform, bias=0 

neck.lateral_convs.0.conv.bias - torch.Size([256]): 
The value is the same before and after calling `init_weights` of FCOS  

neck.lateral_convs.1.conv.weight - torch.Size([256, 1024, 1, 1]): 
XavierInit: gain=1, distribution=uniform, bias=0 

neck.lateral_convs.1.conv.bias - torch.Size([256]): 
The value is the same before and after calling `init_weights` of FCOS  

neck.lateral_convs.2.conv.weight - torch.Size([256, 2048, 1, 1]): 
XavierInit: gain=1, distribution=uniform, bias=0 

neck.lateral_convs.2.conv.bias - torch.Size([256]): 
The value is the same before and after calling `init_weights` of FCOS  

neck.fpn_convs.0.conv.weight - torch.Size([256, 256, 3, 3]): 
XavierInit: gain=1, distribution=uniform, bias=0 

neck.fpn_convs.0.conv.bias - torch.Size([256]): 
The value is the same before and after calling `init_weights` of FCOS  

neck.fpn_convs.1.conv.weight - torch.Size([256, 256, 3, 3]): 
XavierInit: gain=1, distribution=uniform, bias=0 

neck.fpn_convs.1.conv.bias - torch.Size([256]): 
The value is the same before and after calling `init_weights` of FCOS  

neck.fpn_convs.2.conv.weight - torch.Size([256, 256, 3, 3]): 
XavierInit: gain=1, distribution=uniform, bias=0 

neck.fpn_convs.2.conv.bias - torch.Size([256]): 
The value is the same before and after calling `init_weights` of FCOS  

neck.fpn_convs.3.conv.weight - torch.Size([256, 256, 3, 3]): 
XavierInit: gain=1, distribution=uniform, bias=0 

neck.fpn_convs.3.conv.bias - torch.Size([256]): 
The value is the same before and after calling `init_weights` of FCOS  

neck.fpn_convs.4.conv.weight - torch.Size([256, 256, 3, 3]): 
XavierInit: gain=1, distribution=uniform, bias=0 

neck.fpn_convs.4.conv.bias - torch.Size([256]): 
The value is the same before and after calling `init_weights` of FCOS  

bbox_head.cls_convs.0.conv.weight - torch.Size([256, 256, 3, 3]): 
NormalInit: mean=0, std=0.01, bias=0 

bbox_head.cls_convs.0.gn.weight - torch.Size([256]): 
The value is the same before and after calling `init_weights` of FCOS  

bbox_head.cls_convs.0.gn.bias - torch.Size([256]): 
The value is the same before and after calling `init_weights` of FCOS  

bbox_head.cls_convs.1.conv.weight - torch.Size([256, 256, 3, 3]): 
NormalInit: mean=0, std=0.01, bias=0 

bbox_head.cls_convs.1.gn.weight - torch.Size([256]): 
The value is the same before and after calling `init_weights` of FCOS  

bbox_head.cls_convs.1.gn.bias - torch.Size([256]): 
The value is the same before and after calling `init_weights` of FCOS  

bbox_head.cls_convs.2.conv.weight - torch.Size([256, 256, 3, 3]): 
NormalInit: mean=0, std=0.01, bias=0 

bbox_head.cls_convs.2.gn.weight - torch.Size([256]): 
The value is the same before and after calling `init_weights` of FCOS  

bbox_head.cls_convs.2.gn.bias - torch.Size([256]): 
The value is the same before and after calling `init_weights` of FCOS  

bbox_head.cls_convs.3.conv.weight - torch.Size([256, 256, 3, 3]): 
NormalInit: mean=0, std=0.01, bias=0 

bbox_head.cls_convs.3.gn.weight - torch.Size([256]): 
The value is the same before and after calling `init_weights` of FCOS  

bbox_head.cls_convs.3.gn.bias - torch.Size([256]): 
The value is the same before and after calling `init_weights` of FCOS  

bbox_head.reg_convs.0.conv.weight - torch.Size([256, 256, 3, 3]): 
NormalInit: mean=0, std=0.01, bias=0 

bbox_head.reg_convs.0.gn.weight - torch.Size([256]): 
The value is the same before and after calling `init_weights` of FCOS  

bbox_head.reg_convs.0.gn.bias - torch.Size([256]): 
The value is the same before and after calling `init_weights` of FCOS  

bbox_head.reg_convs.1.conv.weight - torch.Size([256, 256, 3, 3]): 
NormalInit: mean=0, std=0.01, bias=0 

bbox_head.reg_convs.1.gn.weight - torch.Size([256]): 
The value is the same before and after calling `init_weights` of FCOS  

bbox_head.reg_convs.1.gn.bias - torch.Size([256]): 
The value is the same before and after calling `init_weights` of FCOS  

bbox_head.reg_convs.2.conv.weight - torch.Size([256, 256, 3, 3]): 
NormalInit: mean=0, std=0.01, bias=0 

bbox_head.reg_convs.2.gn.weight - torch.Size([256]): 
The value is the same before and after calling `init_weights` of FCOS  

bbox_head.reg_convs.2.gn.bias - torch.Size([256]): 
The value is the same before and after calling `init_weights` of FCOS  

bbox_head.reg_convs.3.conv.weight - torch.Size([256, 256, 3, 3]): 
NormalInit: mean=0, std=0.01, bias=0 

bbox_head.reg_convs.3.gn.weight - torch.Size([256]): 
The value is the same before and after calling `init_weights` of FCOS  

bbox_head.reg_convs.3.gn.bias - torch.Size([256]): 
The value is the same before and after calling `init_weights` of FCOS  

bbox_head.conv_cls.weight - torch.Size([8, 256, 3, 3]): 
NormalInit: mean=0, std=0.01, bias=-4.59511985013459 

bbox_head.conv_cls.bias - torch.Size([8]): 
NormalInit: mean=0, std=0.01, bias=-4.59511985013459 

bbox_head.conv_reg.weight - torch.Size([4, 256, 3, 3]): 
NormalInit: mean=0, std=0.01, bias=0 

bbox_head.conv_reg.bias - torch.Size([4]): 
NormalInit: mean=0, std=0.01, bias=0 

bbox_head.conv_centerness.weight - torch.Size([1, 256, 3, 3]): 
NormalInit: mean=0, std=0.01, bias=0 

bbox_head.conv_centerness.bias - torch.Size([1]): 
NormalInit: mean=0, std=0.01, bias=0 

bbox_head.scales.0.scale - torch.Size([]): 
The value is the same before and after calling `init_weights` of FCOS  

bbox_head.scales.1.scale - torch.Size([]): 
The value is the same before and after calling `init_weights` of FCOS  

bbox_head.scales.2.scale - torch.Size([]): 
The value is the same before and after calling `init_weights` of FCOS  

bbox_head.scales.3.scale - torch.Size([]): 
The value is the same before and after calling `init_weights` of FCOS  

bbox_head.scales.4.scale - torch.Size([]): 
The value is the same before and after calling `init_weights` of FCOS  
2022-09-14 11:51:48,611 - mmdet - INFO - Automatic scaling of learning rate (LR) has been disabled.
2022-09-14 11:51:48,679 - mmdet - INFO - load checkpoint from local path: /home/hhn/mmdetection/pretrained/fcos_r50_caffe_fpn_gn-head_1x_coco-821213aa.pth
2022-09-14 11:51:48,784 - mmdet - WARNING - The model and loaded state dict do not match exactly

size mismatch for bbox_head.conv_cls.weight: copying a param with shape torch.Size([80, 256, 3, 3]) from checkpoint, the shape in current model is torch.Size([8, 256, 3, 3]).
size mismatch for bbox_head.conv_cls.bias: copying a param with shape torch.Size([80]) from checkpoint, the shape in current model is torch.Size([8]).
2022-09-14 11:51:48,785 - mmdet - INFO - Start running, host: hhn@cv-8k3090, work_dir: /home/hhn/mmdetection/work_dirs/fcos_r50_caffe_fpn_gn-head_1x_coco
2022-09-14 11:51:48,786 - mmdet - INFO - Hooks will be executed in the following order:
before_run:
(VERY_HIGH   ) StepLrUpdaterHook                  
(NORMAL      ) CheckpointHook                     
(LOW         ) DistEvalHook                       
(VERY_LOW    ) TextLoggerHook                     
 -------------------- 
before_train_epoch:
(VERY_HIGH   ) StepLrUpdaterHook                  
(NORMAL      ) NumClassCheckHook                  
(NORMAL      ) DistSamplerSeedHook                
(LOW         ) IterTimerHook                      
(LOW         ) DistEvalHook                       
(VERY_LOW    ) TextLoggerHook                     
 -------------------- 
before_train_iter:
(VERY_HIGH   ) StepLrUpdaterHook                  
(LOW         ) IterTimerHook                      
(LOW         ) DistEvalHook                       
 -------------------- 
after_train_iter:
(ABOVE_NORMAL) OptimizerHook                      
(NORMAL      ) CheckpointHook                     
(LOW         ) IterTimerHook                      
(LOW         ) DistEvalHook                       
(VERY_LOW    ) TextLoggerHook                     
 -------------------- 
after_train_epoch:
(NORMAL      ) CheckpointHook                     
(LOW         ) DistEvalHook                       
(VERY_LOW    ) TextLoggerHook                     
 -------------------- 
before_val_epoch:
(NORMAL      ) NumClassCheckHook                  
(NORMAL      ) DistSamplerSeedHook                
(LOW         ) IterTimerHook                      
(VERY_LOW    ) TextLoggerHook                     
 -------------------- 
before_val_iter:
(LOW         ) IterTimerHook                      
 -------------------- 
after_val_iter:
(LOW         ) IterTimerHook                      
 -------------------- 
after_val_epoch:
(VERY_LOW    ) TextLoggerHook                     
 -------------------- 
after_run:
(VERY_LOW    ) TextLoggerHook                     
 -------------------- 
2022-09-14 11:51:48,786 - mmdet - INFO - workflow: [('train', 1)], max: 12 epochs
2022-09-14 11:51:48,787 - mmdet - INFO - Checkpoints will be saved to /home/hhn/mmdetection/work_dirs/fcos_r50_caffe_fpn_gn-head_1x_coco by HardDiskBackend.
2022-09-14 11:52:42,244 - mmdet - INFO - Epoch [1][50/59]	lr: 3.333e-03, eta: 0:11:43, time: 1.069, data_time: 0.066, memory: 7984, loss_cls: 0.5446, loss_bbox: 0.4026, loss_centerness: 0.6117, loss: 1.5588, grad_norm: 4.7052
2022-09-14 11:52:51,202 - mmdet - INFO - Saving checkpoint at 1 epochs
2022-09-14 11:53:06,249 - mmdet - INFO - Evaluating bbox...
2022-09-14 11:53:07,825 - mmdet - INFO - 
 Average Precision  (AP) @[ IoU=0.50:0.95 | area=   all | maxDets=100 ] = 0.168
 Average Precision  (AP) @[ IoU=0.50      | area=   all | maxDets=1000 ] = 0.297
 Average Precision  (AP) @[ IoU=0.75      | area=   all | maxDets=1000 ] = 0.149
 Average Precision  (AP) @[ IoU=0.50:0.95 | area= small | maxDets=1000 ] = 0.154
 Average Precision  (AP) @[ IoU=0.50:0.95 | area=medium | maxDets=1000 ] = 0.079
 Average Precision  (AP) @[ IoU=0.50:0.95 | area= large | maxDets=1000 ] = 0.129
 Average Recall     (AR) @[ IoU=0.50:0.95 | area=   all | maxDets=100 ] = 0.395
 Average Recall     (AR) @[ IoU=0.50:0.95 | area=   all | maxDets=300 ] = 0.395
 Average Recall     (AR) @[ IoU=0.50:0.95 | area=   all | maxDets=1000 ] = 0.395
 Average Recall     (AR) @[ IoU=0.50:0.95 | area= small | maxDets=1000 ] = 0.285
 Average Recall     (AR) @[ IoU=0.50:0.95 | area=medium | maxDets=1000 ] = 0.323
 Average Recall     (AR) @[ IoU=0.50:0.95 | area= large | maxDets=1000 ] = 0.346

2022-09-14 11:53:07,826 - mmdet - INFO - 
+----------+-------+----------+-------+----------+-------+
| category | AP    | category | AP    | category | AP    |
+----------+-------+----------+-------+----------+-------+
| pomo     | 0.033 | liewen   | 0.105 | huahen   | 0.226 |
| baidian  | 0.221 | bengque  | 0.039 | zifu     | 0.720 |
| wuzi     | 0.000 | louguang | 0.000 | None     | None  |
+----------+-------+----------+-------+----------+-------+
2022-09-14 11:53:07,860 - mmdet - INFO - Exp name: fcos_r50_caffe_fpn_gn-head_1x_coco.py
2022-09-14 11:53:07,861 - mmdet - INFO - Epoch(val) [1][72]	bbox_mAP: 0.1680, bbox_mAP_50: 0.2970, bbox_mAP_75: 0.1490, bbox_mAP_s: 0.1540, bbox_mAP_m: 0.0790, bbox_mAP_l: 0.1290, bbox_mAP_copypaste: 0.168 0.297 0.149 0.154 0.079 0.129
2022-09-14 11:54:04,021 - mmdet - INFO - Epoch [2][50/59]	lr: 3.333e-03, eta: 0:10:02, time: 1.123, data_time: 0.062, memory: 7984, loss_cls: 0.2938, loss_bbox: 0.3248, loss_centerness: 0.5999, loss: 1.2185, grad_norm: 3.9022
2022-09-14 11:54:13,744 - mmdet - INFO - Saving checkpoint at 2 epochs
2022-09-14 11:54:26,808 - mmdet - INFO - Evaluating bbox...
2022-09-14 11:54:28,559 - mmdet - INFO - 
 Average Precision  (AP) @[ IoU=0.50:0.95 | area=   all | maxDets=100 ] = 0.208
 Average Precision  (AP) @[ IoU=0.50      | area=   all | maxDets=1000 ] = 0.359
 Average Precision  (AP) @[ IoU=0.75      | area=   all | maxDets=1000 ] = 0.206
 Average Precision  (AP) @[ IoU=0.50:0.95 | area= small | maxDets=1000 ] = 0.180
 Average Precision  (AP) @[ IoU=0.50:0.95 | area=medium | maxDets=1000 ] = 0.120
 Average Precision  (AP) @[ IoU=0.50:0.95 | area= large | maxDets=1000 ] = 0.165
 Average Recall     (AR) @[ IoU=0.50:0.95 | area=   all | maxDets=100 ] = 0.445
 Average Recall     (AR) @[ IoU=0.50:0.95 | area=   all | maxDets=300 ] = 0.445
 Average Recall     (AR) @[ IoU=0.50:0.95 | area=   all | maxDets=1000 ] = 0.445
 Average Recall     (AR) @[ IoU=0.50:0.95 | area= small | maxDets=1000 ] = 0.251
 Average Recall     (AR) @[ IoU=0.50:0.95 | area=medium | maxDets=1000 ] = 0.344
 Average Recall     (AR) @[ IoU=0.50:0.95 | area= large | maxDets=1000 ] = 0.415

2022-09-14 11:54:28,560 - mmdet - INFO - 
+----------+-------+----------+-------+----------+-------+
| category | AP    | category | AP    | category | AP    |
+----------+-------+----------+-------+----------+-------+
| pomo     | 0.098 | liewen   | 0.136 | huahen   | 0.239 |
| baidian  | 0.213 | bengque  | 0.163 | zifu     | 0.811 |
| wuzi     | 0.001 | louguang | 0.000 | None     | None  |
+----------+-------+----------+-------+----------+-------+
2022-09-14 11:54:28,602 - mmdet - INFO - Exp name: fcos_r50_caffe_fpn_gn-head_1x_coco.py
2022-09-14 11:54:28,602 - mmdet - INFO - Epoch(val) [2][72]	bbox_mAP: 0.2080, bbox_mAP_50: 0.3590, bbox_mAP_75: 0.2060, bbox_mAP_s: 0.1800, bbox_mAP_m: 0.1200, bbox_mAP_l: 0.1650, bbox_mAP_copypaste: 0.208 0.359 0.206 0.180 0.120 0.165
2022-09-14 11:55:22,464 - mmdet - INFO - Epoch [3][50/59]	lr: 3.333e-03, eta: 0:08:45, time: 1.077, data_time: 0.063, memory: 7984, loss_cls: 0.2495, loss_bbox: 0.3025, loss_centerness: 0.5951, loss: 1.1472, grad_norm: 3.7037
2022-09-14 11:55:31,968 - mmdet - INFO - Saving checkpoint at 3 epochs
2022-09-14 11:55:44,759 - mmdet - INFO - Evaluating bbox...
2022-09-14 11:55:46,282 - mmdet - INFO - 
 Average Precision  (AP) @[ IoU=0.50:0.95 | area=   all | maxDets=100 ] = 0.239
 Average Precision  (AP) @[ IoU=0.50      | area=   all | maxDets=1000 ] = 0.411
 Average Precision  (AP) @[ IoU=0.75      | area=   all | maxDets=1000 ] = 0.231
 Average Precision  (AP) @[ IoU=0.50:0.95 | area= small | maxDets=1000 ] = 0.225
 Average Precision  (AP) @[ IoU=0.50:0.95 | area=medium | maxDets=1000 ] = 0.133
 Average Precision  (AP) @[ IoU=0.50:0.95 | area= large | maxDets=1000 ] = 0.196
 Average Recall     (AR) @[ IoU=0.50:0.95 | area=   all | maxDets=100 ] = 0.459
 Average Recall     (AR) @[ IoU=0.50:0.95 | area=   all | maxDets=300 ] = 0.459
 Average Recall     (AR) @[ IoU=0.50:0.95 | area=   all | maxDets=1000 ] = 0.459
 Average Recall     (AR) @[ IoU=0.50:0.95 | area= small | maxDets=1000 ] = 0.316
 Average Recall     (AR) @[ IoU=0.50:0.95 | area=medium | maxDets=1000 ] = 0.346
 Average Recall     (AR) @[ IoU=0.50:0.95 | area= large | maxDets=1000 ] = 0.424

2022-09-14 11:55:46,282 - mmdet - INFO - 
+----------+-------+----------+-------+----------+-------+
| category | AP    | category | AP    | category | AP    |
+----------+-------+----------+-------+----------+-------+
| pomo     | 0.164 | liewen   | 0.161 | huahen   | 0.279 |
| baidian  | 0.257 | bengque  | 0.236 | zifu     | 0.813 |
| wuzi     | 0.002 | louguang | 0.000 | None     | None  |
+----------+-------+----------+-------+----------+-------+
2022-09-14 11:55:46,321 - mmdet - INFO - Exp name: fcos_r50_caffe_fpn_gn-head_1x_coco.py
2022-09-14 11:55:46,322 - mmdet - INFO - Epoch(val) [3][72]	bbox_mAP: 0.2390, bbox_mAP_50: 0.4110, bbox_mAP_75: 0.2310, bbox_mAP_s: 0.2250, bbox_mAP_m: 0.1330, bbox_mAP_l: 0.1960, bbox_mAP_copypaste: 0.239 0.411 0.231 0.225 0.133 0.196
2022-09-14 11:56:39,217 - mmdet - INFO - Epoch [4][50/59]	lr: 3.333e-03, eta: 0:07:38, time: 1.058, data_time: 0.063, memory: 7984, loss_cls: 0.2221, loss_bbox: 0.2824, loss_centerness: 0.5921, loss: 1.0966, grad_norm: 3.7357
2022-09-14 11:56:48,450 - mmdet - INFO - Saving checkpoint at 4 epochs
2022-09-14 11:57:00,879 - mmdet - INFO - Evaluating bbox...
2022-09-14 11:57:02,366 - mmdet - INFO - 
 Average Precision  (AP) @[ IoU=0.50:0.95 | area=   all | maxDets=100 ] = 0.233
 Average Precision  (AP) @[ IoU=0.50      | area=   all | maxDets=1000 ] = 0.412
 Average Precision  (AP) @[ IoU=0.75      | area=   all | maxDets=1000 ] = 0.219
 Average Precision  (AP) @[ IoU=0.50:0.95 | area= small | maxDets=1000 ] = 0.248
 Average Precision  (AP) @[ IoU=0.50:0.95 | area=medium | maxDets=1000 ] = 0.149
 Average Precision  (AP) @[ IoU=0.50:0.95 | area= large | maxDets=1000 ] = 0.187
 Average Recall     (AR) @[ IoU=0.50:0.95 | area=   all | maxDets=100 ] = 0.445
 Average Recall     (AR) @[ IoU=0.50:0.95 | area=   all | maxDets=300 ] = 0.445
 Average Recall     (AR) @[ IoU=0.50:0.95 | area=   all | maxDets=1000 ] = 0.445
 Average Recall     (AR) @[ IoU=0.50:0.95 | area= small | maxDets=1000 ] = 0.291
 Average Recall     (AR) @[ IoU=0.50:0.95 | area=medium | maxDets=1000 ] = 0.344
 Average Recall     (AR) @[ IoU=0.50:0.95 | area= large | maxDets=1000 ] = 0.413

2022-09-14 11:57:02,367 - mmdet - INFO - 
+----------+-------+----------+-------+----------+-------+
| category | AP    | category | AP    | category | AP    |
+----------+-------+----------+-------+----------+-------+
| pomo     | 0.197 | liewen   | 0.149 | huahen   | 0.247 |
| baidian  | 0.248 | bengque  | 0.274 | zifu     | 0.739 |
| wuzi     | 0.006 | louguang | 0.000 | None     | None  |
+----------+-------+----------+-------+----------+-------+
2022-09-14 11:57:02,389 - mmdet - INFO - Exp name: fcos_r50_caffe_fpn_gn-head_1x_coco.py
2022-09-14 11:57:02,390 - mmdet - INFO - Epoch(val) [4][72]	bbox_mAP: 0.2330, bbox_mAP_50: 0.4120, bbox_mAP_75: 0.2190, bbox_mAP_s: 0.2480, bbox_mAP_m: 0.1490, bbox_mAP_l: 0.1870, bbox_mAP_copypaste: 0.233 0.412 0.219 0.248 0.149 0.187
2022-09-14 11:57:54,990 - mmdet - INFO - Epoch [5][50/59]	lr: 3.333e-03, eta: 0:06:36, time: 1.052, data_time: 0.062, memory: 7984, loss_cls: 0.2013, loss_bbox: 0.2604, loss_centerness: 0.5886, loss: 1.0503, grad_norm: 3.5644
2022-09-14 11:58:04,095 - mmdet - INFO - Saving checkpoint at 5 epochs
2022-09-14 11:58:16,867 - mmdet - INFO - Evaluating bbox...
2022-09-14 11:58:18,250 - mmdet - INFO - 
 Average Precision  (AP) @[ IoU=0.50:0.95 | area=   all | maxDets=100 ] = 0.266
 Average Precision  (AP) @[ IoU=0.50      | area=   all | maxDets=1000 ] = 0.435
 Average Precision  (AP) @[ IoU=0.75      | area=   all | maxDets=1000 ] = 0.270
 Average Precision  (AP) @[ IoU=0.50:0.95 | area= small | maxDets=1000 ] = 0.171
 Average Precision  (AP) @[ IoU=0.50:0.95 | area=medium | maxDets=1000 ] = 0.140
 Average Precision  (AP) @[ IoU=0.50:0.95 | area= large | maxDets=1000 ] = 0.235
 Average Recall     (AR) @[ IoU=0.50:0.95 | area=   all | maxDets=100 ] = 0.463
 Average Recall     (AR) @[ IoU=0.50:0.95 | area=   all | maxDets=300 ] = 0.463
 Average Recall     (AR) @[ IoU=0.50:0.95 | area=   all | maxDets=1000 ] = 0.463
 Average Recall     (AR) @[ IoU=0.50:0.95 | area= small | maxDets=1000 ] = 0.307
 Average Recall     (AR) @[ IoU=0.50:0.95 | area=medium | maxDets=1000 ] = 0.328
 Average Recall     (AR) @[ IoU=0.50:0.95 | area= large | maxDets=1000 ] = 0.438

2022-09-14 11:58:18,251 - mmdet - INFO - 
+----------+-------+----------+-------+----------+-------+
| category | AP    | category | AP    | category | AP    |
+----------+-------+----------+-------+----------+-------+
| pomo     | 0.244 | liewen   | 0.165 | huahen   | 0.303 |
| baidian  | 0.266 | bengque  | 0.284 | zifu     | 0.854 |
| wuzi     | 0.013 | louguang | 0.000 | None     | None  |
+----------+-------+----------+-------+----------+-------+
2022-09-14 11:58:18,277 - mmdet - INFO - Exp name: fcos_r50_caffe_fpn_gn-head_1x_coco.py
2022-09-14 11:58:18,278 - mmdet - INFO - Epoch(val) [5][72]	bbox_mAP: 0.2660, bbox_mAP_50: 0.4350, bbox_mAP_75: 0.2700, bbox_mAP_s: 0.1710, bbox_mAP_m: 0.1400, bbox_mAP_l: 0.2350, bbox_mAP_copypaste: 0.266 0.435 0.270 0.171 0.140 0.235
2022-09-14 11:59:09,404 - mmdet - INFO - Epoch [6][50/59]	lr: 3.333e-03, eta: 0:05:36, time: 1.022, data_time: 0.065, memory: 7984, loss_cls: 0.1846, loss_bbox: 0.2435, loss_centerness: 0.5859, loss: 1.0140, grad_norm: 3.5624
2022-09-14 11:59:18,160 - mmdet - INFO - Saving checkpoint at 6 epochs
2022-09-14 11:59:30,748 - mmdet - INFO - Evaluating bbox...
2022-09-14 11:59:32,170 - mmdet - INFO - 
 Average Precision  (AP) @[ IoU=0.50:0.95 | area=   all | maxDets=100 ] = 0.263
 Average Precision  (AP) @[ IoU=0.50      | area=   all | maxDets=1000 ] = 0.451
 Average Precision  (AP) @[ IoU=0.75      | area=   all | maxDets=1000 ] = 0.273
 Average Precision  (AP) @[ IoU=0.50:0.95 | area= small | maxDets=1000 ] = 0.156
 Average Precision  (AP) @[ IoU=0.50:0.95 | area=medium | maxDets=1000 ] = 0.146
 Average Precision  (AP) @[ IoU=0.50:0.95 | area= large | maxDets=1000 ] = 0.219
 Average Recall     (AR) @[ IoU=0.50:0.95 | area=   all | maxDets=100 ] = 0.481
 Average Recall     (AR) @[ IoU=0.50:0.95 | area=   all | maxDets=300 ] = 0.481
 Average Recall     (AR) @[ IoU=0.50:0.95 | area=   all | maxDets=1000 ] = 0.481
 Average Recall     (AR) @[ IoU=0.50:0.95 | area= small | maxDets=1000 ] = 0.312
 Average Recall     (AR) @[ IoU=0.50:0.95 | area=medium | maxDets=1000 ] = 0.338
 Average Recall     (AR) @[ IoU=0.50:0.95 | area= large | maxDets=1000 ] = 0.458

2022-09-14 11:59:32,171 - mmdet - INFO - 
+----------+-------+----------+-------+----------+-------+
| category | AP    | category | AP    | category | AP    |
+----------+-------+----------+-------+----------+-------+
| pomo     | 0.307 | liewen   | 0.180 | huahen   | 0.285 |
| baidian  | 0.254 | bengque  | 0.254 | zifu     | 0.809 |
| wuzi     | 0.016 | louguang | 0.000 | None     | None  |
+----------+-------+----------+-------+----------+-------+
2022-09-14 11:59:32,199 - mmdet - INFO - Exp name: fcos_r50_caffe_fpn_gn-head_1x_coco.py
2022-09-14 11:59:32,199 - mmdet - INFO - Epoch(val) [6][72]	bbox_mAP: 0.2630, bbox_mAP_50: 0.4510, bbox_mAP_75: 0.2730, bbox_mAP_s: 0.1560, bbox_mAP_m: 0.1460, bbox_mAP_l: 0.2190, bbox_mAP_copypaste: 0.263 0.451 0.273 0.156 0.146 0.219
2022-09-14 12:00:23,499 - mmdet - INFO - Epoch [7][50/59]	lr: 3.333e-03, eta: 0:04:39, time: 1.026, data_time: 0.065, memory: 7984, loss_cls: 0.1646, loss_bbox: 0.2284, loss_centerness: 0.5830, loss: 0.9760, grad_norm: 3.6202
2022-09-14 12:00:33,552 - mmdet - INFO - Saving checkpoint at 7 epochs
2022-09-14 12:00:46,177 - mmdet - INFO - Evaluating bbox...
2022-09-14 12:00:47,517 - mmdet - INFO - 
 Average Precision  (AP) @[ IoU=0.50:0.95 | area=   all | maxDets=100 ] = 0.270
 Average Precision  (AP) @[ IoU=0.50      | area=   all | maxDets=1000 ] = 0.453
 Average Precision  (AP) @[ IoU=0.75      | area=   all | maxDets=1000 ] = 0.269
 Average Precision  (AP) @[ IoU=0.50:0.95 | area= small | maxDets=1000 ] = 0.169
 Average Precision  (AP) @[ IoU=0.50:0.95 | area=medium | maxDets=1000 ] = 0.151
 Average Precision  (AP) @[ IoU=0.50:0.95 | area= large | maxDets=1000 ] = 0.221
 Average Recall     (AR) @[ IoU=0.50:0.95 | area=   all | maxDets=100 ] = 0.494
 Average Recall     (AR) @[ IoU=0.50:0.95 | area=   all | maxDets=300 ] = 0.494
 Average Recall     (AR) @[ IoU=0.50:0.95 | area=   all | maxDets=1000 ] = 0.494
 Average Recall     (AR) @[ IoU=0.50:0.95 | area= small | maxDets=1000 ] = 0.431
 Average Recall     (AR) @[ IoU=0.50:0.95 | area=medium | maxDets=1000 ] = 0.322
 Average Recall     (AR) @[ IoU=0.50:0.95 | area= large | maxDets=1000 ] = 0.433

2022-09-14 12:00:47,518 - mmdet - INFO - 
+----------+-------+----------+-------+----------+-------+
| category | AP    | category | AP    | category | AP    |
+----------+-------+----------+-------+----------+-------+
| pomo     | 0.272 | liewen   | 0.161 | huahen   | 0.288 |
| baidian  | 0.289 | bengque  | 0.289 | zifu     | 0.857 |
| wuzi     | 0.003 | louguang | 0.001 | None     | None  |
+----------+-------+----------+-------+----------+-------+
2022-09-14 12:00:47,551 - mmdet - INFO - Exp name: fcos_r50_caffe_fpn_gn-head_1x_coco.py
2022-09-14 12:00:47,552 - mmdet - INFO - Epoch(val) [7][72]	bbox_mAP: 0.2700, bbox_mAP_50: 0.4530, bbox_mAP_75: 0.2690, bbox_mAP_s: 0.1690, bbox_mAP_m: 0.1510, bbox_mAP_l: 0.2210, bbox_mAP_copypaste: 0.270 0.453 0.269 0.169 0.151 0.221
2022-09-14 12:01:44,408 - mmdet - INFO - Epoch [8][50/59]	lr: 3.333e-03, eta: 0:03:46, time: 1.137, data_time: 0.069, memory: 7984, loss_cls: 0.1485, loss_bbox: 0.2156, loss_centerness: 0.5815, loss: 0.9456, grad_norm: 3.5583
2022-09-14 12:01:54,652 - mmdet - INFO - Saving checkpoint at 8 epochs
2022-09-14 12:02:09,102 - mmdet - INFO - Evaluating bbox...
2022-09-14 12:02:10,277 - mmdet - INFO - 
 Average Precision  (AP) @[ IoU=0.50:0.95 | area=   all | maxDets=100 ] = 0.264
 Average Precision  (AP) @[ IoU=0.50      | area=   all | maxDets=1000 ] = 0.451
 Average Precision  (AP) @[ IoU=0.75      | area=   all | maxDets=1000 ] = 0.259
 Average Precision  (AP) @[ IoU=0.50:0.95 | area= small | maxDets=1000 ] = 0.164
 Average Precision  (AP) @[ IoU=0.50:0.95 | area=medium | maxDets=1000 ] = 0.140
 Average Precision  (AP) @[ IoU=0.50:0.95 | area= large | maxDets=1000 ] = 0.240
 Average Recall     (AR) @[ IoU=0.50:0.95 | area=   all | maxDets=100 ] = 0.441
 Average Recall     (AR) @[ IoU=0.50:0.95 | area=   all | maxDets=300 ] = 0.441
 Average Recall     (AR) @[ IoU=0.50:0.95 | area=   all | maxDets=1000 ] = 0.441
 Average Recall     (AR) @[ IoU=0.50:0.95 | area= small | maxDets=1000 ] = 0.306
 Average Recall     (AR) @[ IoU=0.50:0.95 | area=medium | maxDets=1000 ] = 0.296
 Average Recall     (AR) @[ IoU=0.50:0.95 | area= large | maxDets=1000 ] = 0.418

2022-09-14 12:02:10,277 - mmdet - INFO - 
+----------+-------+----------+-------+----------+-------+
| category | AP    | category | AP    | category | AP    |
+----------+-------+----------+-------+----------+-------+
| pomo     | 0.281 | liewen   | 0.175 | huahen   | 0.268 |
| baidian  | 0.256 | bengque  | 0.301 | zifu     | 0.825 |
| wuzi     | 0.008 | louguang | 0.000 | None     | None  |
+----------+-------+----------+-------+----------+-------+
2022-09-14 12:02:10,290 - mmdet - INFO - Exp name: fcos_r50_caffe_fpn_gn-head_1x_coco.py
2022-09-14 12:02:10,291 - mmdet - INFO - Epoch(val) [8][72]	bbox_mAP: 0.2640, bbox_mAP_50: 0.4510, bbox_mAP_75: 0.2590, bbox_mAP_s: 0.1640, bbox_mAP_m: 0.1400, bbox_mAP_l: 0.2400, bbox_mAP_copypaste: 0.264 0.451 0.259 0.164 0.140 0.240
2022-09-14 12:03:03,072 - mmdet - INFO - Epoch [9][50/59]	lr: 1.000e-03, eta: 0:02:51, time: 1.055, data_time: 0.071, memory: 7984, loss_cls: 0.1274, loss_bbox: 0.1890, loss_centerness: 0.5775, loss: 0.8939, grad_norm: 3.1244
2022-09-14 12:03:12,528 - mmdet - INFO - Saving checkpoint at 9 epochs
2022-09-14 12:03:25,154 - mmdet - INFO - Evaluating bbox...
2022-09-14 12:03:26,211 - mmdet - INFO - 
 Average Precision  (AP) @[ IoU=0.50:0.95 | area=   all | maxDets=100 ] = 0.280
 Average Precision  (AP) @[ IoU=0.50      | area=   all | maxDets=1000 ] = 0.480
 Average Precision  (AP) @[ IoU=0.75      | area=   all | maxDets=1000 ] = 0.266
 Average Precision  (AP) @[ IoU=0.50:0.95 | area= small | maxDets=1000 ] = 0.202
 Average Precision  (AP) @[ IoU=0.50:0.95 | area=medium | maxDets=1000 ] = 0.148
 Average Precision  (AP) @[ IoU=0.50:0.95 | area= large | maxDets=1000 ] = 0.245
 Average Recall     (AR) @[ IoU=0.50:0.95 | area=   all | maxDets=100 ] = 0.465
 Average Recall     (AR) @[ IoU=0.50:0.95 | area=   all | maxDets=300 ] = 0.465
 Average Recall     (AR) @[ IoU=0.50:0.95 | area=   all | maxDets=1000 ] = 0.465
 Average Recall     (AR) @[ IoU=0.50:0.95 | area= small | maxDets=1000 ] = 0.320
 Average Recall     (AR) @[ IoU=0.50:0.95 | area=medium | maxDets=1000 ] = 0.327
 Average Recall     (AR) @[ IoU=0.50:0.95 | area= large | maxDets=1000 ] = 0.429

2022-09-14 12:03:26,212 - mmdet - INFO - 
+----------+-------+----------+-------+----------+-------+
| category | AP    | category | AP    | category | AP    |
+----------+-------+----------+-------+----------+-------+
| pomo     | 0.260 | liewen   | 0.207 | huahen   | 0.316 |
| baidian  | 0.267 | bengque  | 0.299 | zifu     | 0.878 |
| wuzi     | 0.017 | louguang | 0.000 | None     | None  |
+----------+-------+----------+-------+----------+-------+
2022-09-14 12:03:26,226 - mmdet - INFO - Exp name: fcos_r50_caffe_fpn_gn-head_1x_coco.py
2022-09-14 12:03:26,227 - mmdet - INFO - Epoch(val) [9][72]	bbox_mAP: 0.2800, bbox_mAP_50: 0.4800, bbox_mAP_75: 0.2660, bbox_mAP_s: 0.2020, bbox_mAP_m: 0.1480, bbox_mAP_l: 0.2450, bbox_mAP_copypaste: 0.280 0.480 0.266 0.202 0.148 0.245
2022-09-14 12:04:20,548 - mmdet - INFO - Epoch [10][50/59]	lr: 1.000e-03, eta: 0:01:56, time: 1.086, data_time: 0.066, memory: 7984, loss_cls: 0.1114, loss_bbox: 0.1760, loss_centerness: 0.5768, loss: 0.8642, grad_norm: 2.9711
2022-09-14 12:04:30,560 - mmdet - INFO - Saving checkpoint at 10 epochs
2022-09-14 12:04:43,642 - mmdet - INFO - Evaluating bbox...
2022-09-14 12:04:44,805 - mmdet - INFO - 
 Average Precision  (AP) @[ IoU=0.50:0.95 | area=   all | maxDets=100 ] = 0.279
 Average Precision  (AP) @[ IoU=0.50      | area=   all | maxDets=1000 ] = 0.468
 Average Precision  (AP) @[ IoU=0.75      | area=   all | maxDets=1000 ] = 0.284
 Average Precision  (AP) @[ IoU=0.50:0.95 | area= small | maxDets=1000 ] = 0.158
 Average Precision  (AP) @[ IoU=0.50:0.95 | area=medium | maxDets=1000 ] = 0.139
 Average Precision  (AP) @[ IoU=0.50:0.95 | area= large | maxDets=1000 ] = 0.249
 Average Recall     (AR) @[ IoU=0.50:0.95 | area=   all | maxDets=100 ] = 0.467
 Average Recall     (AR) @[ IoU=0.50:0.95 | area=   all | maxDets=300 ] = 0.467
 Average Recall     (AR) @[ IoU=0.50:0.95 | area=   all | maxDets=1000 ] = 0.467
 Average Recall     (AR) @[ IoU=0.50:0.95 | area= small | maxDets=1000 ] = 0.295
 Average Recall     (AR) @[ IoU=0.50:0.95 | area=medium | maxDets=1000 ] = 0.281
 Average Recall     (AR) @[ IoU=0.50:0.95 | area= large | maxDets=1000 ] = 0.455

2022-09-14 12:04:44,806 - mmdet - INFO - 
+----------+-------+----------+-------+----------+-------+
| category | AP    | category | AP    | category | AP    |
+----------+-------+----------+-------+----------+-------+
| pomo     | 0.319 | liewen   | 0.197 | huahen   | 0.283 |
| baidian  | 0.260 | bengque  | 0.274 | zifu     | 0.877 |
| wuzi     | 0.018 | louguang | 0.000 | None     | None  |
+----------+-------+----------+-------+----------+-------+
2022-09-14 12:04:44,824 - mmdet - INFO - Exp name: fcos_r50_caffe_fpn_gn-head_1x_coco.py
2022-09-14 12:04:44,824 - mmdet - INFO - Epoch(val) [10][72]	bbox_mAP: 0.2790, bbox_mAP_50: 0.4680, bbox_mAP_75: 0.2840, bbox_mAP_s: 0.1580, bbox_mAP_m: 0.1390, bbox_mAP_l: 0.2490, bbox_mAP_copypaste: 0.279 0.468 0.284 0.158 0.139 0.249
2022-09-14 12:05:36,276 - mmdet - INFO - Epoch [11][50/59]	lr: 1.000e-03, eta: 0:01:02, time: 1.029, data_time: 0.065, memory: 7984, loss_cls: 0.1049, loss_bbox: 0.1705, loss_centerness: 0.5757, loss: 0.8512, grad_norm: 2.8977
2022-09-14 12:05:45,760 - mmdet - INFO - Saving checkpoint at 11 epochs
2022-09-14 12:05:57,987 - mmdet - INFO - Evaluating bbox...
2022-09-14 12:05:59,032 - mmdet - INFO - 
 Average Precision  (AP) @[ IoU=0.50:0.95 | area=   all | maxDets=100 ] = 0.286
 Average Precision  (AP) @[ IoU=0.50      | area=   all | maxDets=1000 ] = 0.468
 Average Precision  (AP) @[ IoU=0.75      | area=   all | maxDets=1000 ] = 0.299
 Average Precision  (AP) @[ IoU=0.50:0.95 | area= small | maxDets=1000 ] = 0.222
 Average Precision  (AP) @[ IoU=0.50:0.95 | area=medium | maxDets=1000 ] = 0.149
 Average Precision  (AP) @[ IoU=0.50:0.95 | area= large | maxDets=1000 ] = 0.257
 Average Recall     (AR) @[ IoU=0.50:0.95 | area=   all | maxDets=100 ] = 0.464
 Average Recall     (AR) @[ IoU=0.50:0.95 | area=   all | maxDets=300 ] = 0.464
 Average Recall     (AR) @[ IoU=0.50:0.95 | area=   all | maxDets=1000 ] = 0.464
 Average Recall     (AR) @[ IoU=0.50:0.95 | area= small | maxDets=1000 ] = 0.321
 Average Recall     (AR) @[ IoU=0.50:0.95 | area=medium | maxDets=1000 ] = 0.283
 Average Recall     (AR) @[ IoU=0.50:0.95 | area= large | maxDets=1000 ] = 0.440

2022-09-14 12:05:59,032 - mmdet - INFO - 
+----------+-------+----------+-------+----------+-------+
| category | AP    | category | AP    | category | AP    |
+----------+-------+----------+-------+----------+-------+
| pomo     | 0.314 | liewen   | 0.205 | huahen   | 0.309 |
| baidian  | 0.257 | bengque  | 0.299 | zifu     | 0.878 |
| wuzi     | 0.026 | louguang | 0.000 | None     | None  |
+----------+-------+----------+-------+----------+-------+
2022-09-14 12:05:59,047 - mmdet - INFO - Exp name: fcos_r50_caffe_fpn_gn-head_1x_coco.py
2022-09-14 12:05:59,047 - mmdet - INFO - Epoch(val) [11][72]	bbox_mAP: 0.2860, bbox_mAP_50: 0.4680, bbox_mAP_75: 0.2990, bbox_mAP_s: 0.2220, bbox_mAP_m: 0.1490, bbox_mAP_l: 0.2570, bbox_mAP_copypaste: 0.286 0.468 0.299 0.222 0.149 0.257
2022-09-14 12:06:52,074 - mmdet - INFO - Epoch [12][50/59]	lr: 1.000e-04, eta: 0:00:08, time: 1.060, data_time: 0.068, memory: 7984, loss_cls: 0.1005, loss_bbox: 0.1605, loss_centerness: 0.5743, loss: 0.8353, grad_norm: 2.6879
2022-09-14 12:07:00,660 - mmdet - INFO - Saving checkpoint at 12 epochs
2022-09-14 12:07:12,333 - mmdet - INFO - Evaluating bbox...
2022-09-14 12:07:13,396 - mmdet - INFO - 
 Average Precision  (AP) @[ IoU=0.50:0.95 | area=   all | maxDets=100 ] = 0.284
 Average Precision  (AP) @[ IoU=0.50      | area=   all | maxDets=1000 ] = 0.466
 Average Precision  (AP) @[ IoU=0.75      | area=   all | maxDets=1000 ] = 0.290
 Average Precision  (AP) @[ IoU=0.50:0.95 | area= small | maxDets=1000 ] = 0.179
 Average Precision  (AP) @[ IoU=0.50:0.95 | area=medium | maxDets=1000 ] = 0.149
 Average Precision  (AP) @[ IoU=0.50:0.95 | area= large | maxDets=1000 ] = 0.253
 Average Recall     (AR) @[ IoU=0.50:0.95 | area=   all | maxDets=100 ] = 0.449
 Average Recall     (AR) @[ IoU=0.50:0.95 | area=   all | maxDets=300 ] = 0.449
 Average Recall     (AR) @[ IoU=0.50:0.95 | area=   all | maxDets=1000 ] = 0.449
 Average Recall     (AR) @[ IoU=0.50:0.95 | area= small | maxDets=1000 ] = 0.317
 Average Recall     (AR) @[ IoU=0.50:0.95 | area=medium | maxDets=1000 ] = 0.285
 Average Recall     (AR) @[ IoU=0.50:0.95 | area= large | maxDets=1000 ] = 0.420

2022-09-14 12:07:13,397 - mmdet - INFO - 
+----------+-------+----------+-------+----------+-------+
| category | AP    | category | AP    | category | AP    |
+----------+-------+----------+-------+----------+-------+
| pomo     | 0.299 | liewen   | 0.210 | huahen   | 0.308 |
| baidian  | 0.260 | bengque  | 0.288 | zifu     | 0.887 |
| wuzi     | 0.018 | louguang | 0.000 | None     | None  |
+----------+-------+----------+-------+----------+-------+
2022-09-14 12:07:13,416 - mmdet - INFO - Exp name: fcos_r50_caffe_fpn_gn-head_1x_coco.py
2022-09-14 12:07:13,416 - mmdet - INFO - Epoch(val) [12][72]	bbox_mAP: 0.2840, bbox_mAP_50: 0.4660, bbox_mAP_75: 0.2900, bbox_mAP_s: 0.1790, bbox_mAP_m: 0.1490, bbox_mAP_l: 0.2530, bbox_mAP_copypaste: 0.284 0.466 0.290 0.179 0.149 0.253
